[2021-09-26 07:44:30,505: INFO: all_utils] >>>>>>>>>>Starting training>>>>>>>>>>>>>>>>and.model
[2021-09-26 07:44:30,506: INFO: all_utils] eta = 0.3 epochs =10

[2021-09-26 07:44:30,664: INFO: all_utils] X=   x1  x2
0   0   0
1   0   1
2   1   0
3   1   1
[2021-09-26 07:44:30,688: INFO: all_utils] Y=0    0
1    0
2    0
3    1
Name: y, dtype: int64
[2021-09-26 07:44:30,696: INFO: model] initial weights before training: [-1.71142978e-07  5.53534368e-05 -4.05941991e-05]
[2021-09-26 07:44:30,698: INFO: model] X with bias: 
[[ 0.  0. -1.]
 [ 0.  1. -1.]
 [ 1.  0. -1.]
 [ 1.  1. -1.]]
[2021-09-26 07:44:30,699: INFO: model] ____________________
[2021-09-26 07:44:30,700: INFO: model] for epoch:0
[2021-09-26 07:44:30,700: INFO: model] ____________________
[2021-09-26 07:44:30,702: INFO: model] predicted value after forward pass: 
[1 1 1 1]
[2021-09-26 07:44:30,713: INFO: model] error: 
0   -1
1   -1
2   -1
3    0
Name: y, dtype: int64
[2021-09-26 07:44:30,715: INFO: model] corrected weights after epoch:0/10 :[-0.30000017 -0.29994465  0.89995941] 
[2021-09-26 07:44:30,715: INFO: model] >>>>>>>>>>>>>>>>>>>>>>>>>>>>>
[2021-09-26 07:44:30,715: INFO: model] ____________________
[2021-09-26 07:44:30,716: INFO: model] for epoch:1
[2021-09-26 07:44:30,716: INFO: model] ____________________
[2021-09-26 07:44:30,717: INFO: model] predicted value after forward pass: 
[0 0 0 0]
[2021-09-26 07:44:30,721: INFO: model] error: 
0    0
1    0
2    0
3    1
Name: y, dtype: int64
[2021-09-26 07:44:30,724: INFO: model] corrected weights after epoch:1/10 :[-1.71142978e-07  5.53534368e-05  5.99959406e-01] 
[2021-09-26 07:44:30,724: INFO: model] >>>>>>>>>>>>>>>>>>>>>>>>>>>>>
[2021-09-26 07:44:30,726: INFO: model] ____________________
[2021-09-26 07:44:30,727: INFO: model] for epoch:2
[2021-09-26 07:44:30,728: INFO: model] ____________________
[2021-09-26 07:44:30,729: INFO: model] predicted value after forward pass: 
[0 0 0 0]
[2021-09-26 07:44:30,736: INFO: model] error: 
0    0
1    0
2    0
3    1
Name: y, dtype: int64
[2021-09-26 07:44:30,737: INFO: model] corrected weights after epoch:2/10 :[0.29999983 0.30005535 0.29995941] 
[2021-09-26 07:44:30,738: INFO: model] >>>>>>>>>>>>>>>>>>>>>>>>>>>>>
[2021-09-26 07:44:30,738: INFO: model] ____________________
[2021-09-26 07:44:30,739: INFO: model] for epoch:3
[2021-09-26 07:44:30,739: INFO: model] ____________________
[2021-09-26 07:44:30,741: INFO: model] predicted value after forward pass: 
[0 1 1 1]
[2021-09-26 07:44:30,828: INFO: model] error: 
0    0
1   -1
2   -1
3    0
Name: y, dtype: int64
[2021-09-26 07:44:30,830: INFO: model] corrected weights after epoch:3/10 :[-1.71142978e-07  5.53534368e-05  8.99959406e-01] 
[2021-09-26 07:44:30,831: INFO: model] >>>>>>>>>>>>>>>>>>>>>>>>>>>>>
[2021-09-26 07:44:30,831: INFO: model] ____________________
[2021-09-26 07:44:30,832: INFO: model] for epoch:4
[2021-09-26 07:44:30,832: INFO: model] ____________________
[2021-09-26 07:44:30,833: INFO: model] predicted value after forward pass: 
[0 0 0 0]
[2021-09-26 07:44:30,843: INFO: model] error: 
0    0
1    0
2    0
3    1
Name: y, dtype: int64
[2021-09-26 07:44:30,845: INFO: model] corrected weights after epoch:4/10 :[0.29999983 0.30005535 0.59995941] 
[2021-09-26 07:44:30,845: INFO: model] >>>>>>>>>>>>>>>>>>>>>>>>>>>>>
[2021-09-26 07:44:30,846: INFO: model] ____________________
[2021-09-26 07:44:30,846: INFO: model] for epoch:5
[2021-09-26 07:44:30,846: INFO: model] ____________________
[2021-09-26 07:44:30,851: INFO: model] predicted value after forward pass: 
[0 0 0 1]
[2021-09-26 07:44:30,864: INFO: model] error: 
0    0
1    0
2    0
3    0
Name: y, dtype: int64
[2021-09-26 07:44:30,866: INFO: model] corrected weights after epoch:5/10 :[0.29999983 0.30005535 0.59995941] 
[2021-09-26 07:44:30,867: INFO: model] >>>>>>>>>>>>>>>>>>>>>>>>>>>>>
[2021-09-26 07:44:30,867: INFO: model] ____________________
[2021-09-26 07:44:30,867: INFO: model] for epoch:6
[2021-09-26 07:44:30,868: INFO: model] ____________________
[2021-09-26 07:44:30,869: INFO: model] predicted value after forward pass: 
[0 0 0 1]
[2021-09-26 07:44:30,879: INFO: model] error: 
0    0
1    0
2    0
3    0
Name: y, dtype: int64
[2021-09-26 07:44:30,881: INFO: model] corrected weights after epoch:6/10 :[0.29999983 0.30005535 0.59995941] 
[2021-09-26 07:44:30,882: INFO: model] >>>>>>>>>>>>>>>>>>>>>>>>>>>>>
[2021-09-26 07:44:30,882: INFO: model] ____________________
[2021-09-26 07:44:30,883: INFO: model] for epoch:7
[2021-09-26 07:44:30,883: INFO: model] ____________________
[2021-09-26 07:44:30,884: INFO: model] predicted value after forward pass: 
[0 0 0 1]
[2021-09-26 07:44:30,906: INFO: model] error: 
0    0
1    0
2    0
3    0
Name: y, dtype: int64
[2021-09-26 07:44:30,915: INFO: model] corrected weights after epoch:7/10 :[0.29999983 0.30005535 0.59995941] 
[2021-09-26 07:44:30,916: INFO: model] >>>>>>>>>>>>>>>>>>>>>>>>>>>>>
[2021-09-26 07:44:30,917: INFO: model] ____________________
[2021-09-26 07:44:30,917: INFO: model] for epoch:8
[2021-09-26 07:44:30,917: INFO: model] ____________________
[2021-09-26 07:44:30,922: INFO: model] predicted value after forward pass: 
[0 0 0 1]
[2021-09-26 07:44:30,937: INFO: model] error: 
0    0
1    0
2    0
3    0
Name: y, dtype: int64
[2021-09-26 07:44:30,939: INFO: model] corrected weights after epoch:8/10 :[0.29999983 0.30005535 0.59995941] 
[2021-09-26 07:44:30,943: INFO: model] >>>>>>>>>>>>>>>>>>>>>>>>>>>>>
[2021-09-26 07:44:30,944: INFO: model] ____________________
[2021-09-26 07:44:30,944: INFO: model] for epoch:9
[2021-09-26 07:44:30,945: INFO: model] ____________________
[2021-09-26 07:44:30,946: INFO: model] predicted value after forward pass: 
[0 0 0 1]
[2021-09-26 07:44:30,948: INFO: model] error: 
0    0
1    0
2    0
3    0
Name: y, dtype: int64
[2021-09-26 07:44:30,950: INFO: model] corrected weights after epoch:9/10 :[0.29999983 0.30005535 0.59995941] 
[2021-09-26 07:44:30,951: INFO: model] >>>>>>>>>>>>>>>>>>>>>>>>>>>>>
[2021-09-26 07:44:30,952: INFO: model] Total loss : 0
[2021-09-26 07:44:30,953: INFO: model] MODEL CREATION SUCCESSFUL
[2021-09-26 07:44:30,953: INFO: model] total loss = 0

[2021-09-26 07:44:30,953: INFO: model] MODEL CREATION SUCCESSFUL

[2021-09-26 07:44:30,954: INFO: all_utils] models\and.model
[2021-09-26 07:44:30,976: INFO: all_utils] >>>>>>>>>>>>>>>>>>>>>>>>>>>>>
[2021-09-26 07:46:40,626: ERROR: and] main() got an unexpected keyword argument 'x'
Traceback (most recent call last):
  File "d:/iNeuron/DLCVNLP/oneNeuron/and.py", line 28, in <module>
    main(data=AND, eta=ETA, epoch=EPOCHS, file_name="and.model", plot_name="and.png",x=122)
TypeError: main() got an unexpected keyword argument 'x'
[2021-09-26 07:48:10,332: INFO: all_utils] 

>>>>>>>>>>Starting training>>>>>>>>>>>>>>>>and.model
[2021-09-26 07:48:10,332: INFO: all_utils] eta = 0.3 epochs =10

[2021-09-26 07:48:10,350: INFO: all_utils] X=   x1  x2
0   0   0
1   0   1
2   1   0
3   1   1
[2021-09-26 07:48:10,351: INFO: all_utils] Y=0    0
1    0
2    0
3    1
Name: y, dtype: int64
[2021-09-26 07:48:10,352: INFO: model] initial weights before training: [4.07057896e-05 1.02014707e-04 1.49483345e-05]
[2021-09-26 07:48:10,354: INFO: model] X with bias: 
[[ 0.  0. -1.]
 [ 0.  1. -1.]
 [ 1.  0. -1.]
 [ 1.  1. -1.]]
[2021-09-26 07:48:10,354: INFO: model] ____________________
[2021-09-26 07:48:10,354: INFO: model] for epoch:0
[2021-09-26 07:48:10,354: INFO: model] ____________________
[2021-09-26 07:48:10,355: INFO: model] predicted value after forward pass: 
[0 1 1 1]
[2021-09-26 07:48:10,356: INFO: model] error: 
0    0
1   -1
2   -1
3    0
Name: y, dtype: int64
[2021-09-26 07:48:10,357: INFO: model] corrected weights after epoch:0/10 :[-0.29995929 -0.29989799  0.60001495] 
[2021-09-26 07:48:10,357: INFO: model] >>>>>>>>>>>>>>>>>>>>>>>>>>>>>
[2021-09-26 07:48:10,358: INFO: model] ____________________
[2021-09-26 07:48:10,358: INFO: model] for epoch:1
[2021-09-26 07:48:10,358: INFO: model] ____________________
[2021-09-26 07:48:10,358: INFO: model] predicted value after forward pass: 
[0 0 0 0]
[2021-09-26 07:48:10,360: INFO: model] error: 
0    0
1    0
2    0
3    1
Name: y, dtype: int64
[2021-09-26 07:48:10,361: INFO: model] corrected weights after epoch:1/10 :[4.07057896e-05 1.02014707e-04 3.00014948e-01] 
[2021-09-26 07:48:10,361: INFO: model] >>>>>>>>>>>>>>>>>>>>>>>>>>>>>
[2021-09-26 07:48:10,362: INFO: model] ____________________
[2021-09-26 07:48:10,362: INFO: model] for epoch:2
[2021-09-26 07:48:10,362: INFO: model] ____________________
[2021-09-26 07:48:10,363: INFO: model] predicted value after forward pass: 
[0 0 0 0]
[2021-09-26 07:48:10,364: INFO: model] error: 
0    0
1    0
2    0
3    1
Name: y, dtype: int64
[2021-09-26 07:48:10,365: INFO: model] corrected weights after epoch:2/10 :[3.00040706e-01 3.00102015e-01 1.49483345e-05] 
[2021-09-26 07:48:10,365: INFO: model] >>>>>>>>>>>>>>>>>>>>>>>>>>>>>
[2021-09-26 07:48:10,365: INFO: model] ____________________
[2021-09-26 07:48:10,366: INFO: model] for epoch:3
[2021-09-26 07:48:10,366: INFO: model] ____________________
[2021-09-26 07:48:10,366: INFO: model] predicted value after forward pass: 
[0 1 1 1]
[2021-09-26 07:48:10,368: INFO: model] error: 
0    0
1   -1
2   -1
3    0
Name: y, dtype: int64
[2021-09-26 07:48:10,369: INFO: model] corrected weights after epoch:3/10 :[4.07057896e-05 1.02014707e-04 6.00014948e-01] 
[2021-09-26 07:48:10,369: INFO: model] >>>>>>>>>>>>>>>>>>>>>>>>>>>>>
[2021-09-26 07:48:10,370: INFO: model] ____________________
[2021-09-26 07:48:10,370: INFO: model] for epoch:4
[2021-09-26 07:48:10,370: INFO: model] ____________________
[2021-09-26 07:48:10,371: INFO: model] predicted value after forward pass: 
[0 0 0 0]
[2021-09-26 07:48:10,372: INFO: model] error: 
0    0
1    0
2    0
3    1
Name: y, dtype: int64
[2021-09-26 07:48:10,373: INFO: model] corrected weights after epoch:4/10 :[0.30004071 0.30010201 0.30001495] 
[2021-09-26 07:48:10,373: INFO: model] >>>>>>>>>>>>>>>>>>>>>>>>>>>>>
[2021-09-26 07:48:10,374: INFO: model] ____________________
[2021-09-26 07:48:10,374: INFO: model] for epoch:5
[2021-09-26 07:48:10,374: INFO: model] ____________________
[2021-09-26 07:48:10,374: INFO: model] predicted value after forward pass: 
[0 1 1 1]
[2021-09-26 07:48:10,375: INFO: model] error: 
0    0
1   -1
2   -1
3    0
Name: y, dtype: int64
[2021-09-26 07:48:10,376: INFO: model] corrected weights after epoch:5/10 :[4.07057896e-05 1.02014707e-04 9.00014948e-01] 
[2021-09-26 07:48:10,376: INFO: model] >>>>>>>>>>>>>>>>>>>>>>>>>>>>>
[2021-09-26 07:48:10,377: INFO: model] ____________________
[2021-09-26 07:48:10,377: INFO: model] for epoch:6
[2021-09-26 07:48:10,377: INFO: model] ____________________
[2021-09-26 07:48:10,377: INFO: model] predicted value after forward pass: 
[0 0 0 0]
[2021-09-26 07:48:10,379: INFO: model] error: 
0    0
1    0
2    0
3    1
Name: y, dtype: int64
[2021-09-26 07:48:10,380: INFO: model] corrected weights after epoch:6/10 :[0.30004071 0.30010201 0.60001495] 
[2021-09-26 07:48:10,380: INFO: model] >>>>>>>>>>>>>>>>>>>>>>>>>>>>>
[2021-09-26 07:48:10,381: INFO: model] ____________________
[2021-09-26 07:48:10,381: INFO: model] for epoch:7
[2021-09-26 07:48:10,381: INFO: model] ____________________
[2021-09-26 07:48:10,382: INFO: model] predicted value after forward pass: 
[0 0 0 1]
[2021-09-26 07:48:10,383: INFO: model] error: 
0    0
1    0
2    0
3    0
Name: y, dtype: int64
[2021-09-26 07:48:10,384: INFO: model] corrected weights after epoch:7/10 :[0.30004071 0.30010201 0.60001495] 
[2021-09-26 07:48:10,384: INFO: model] >>>>>>>>>>>>>>>>>>>>>>>>>>>>>
[2021-09-26 07:48:10,385: INFO: model] ____________________
[2021-09-26 07:48:10,385: INFO: model] for epoch:8
[2021-09-26 07:48:10,385: INFO: model] ____________________
[2021-09-26 07:48:10,386: INFO: model] predicted value after forward pass: 
[0 0 0 1]
[2021-09-26 07:48:10,387: INFO: model] error: 
0    0
1    0
2    0
3    0
Name: y, dtype: int64
[2021-09-26 07:48:10,388: INFO: model] corrected weights after epoch:8/10 :[0.30004071 0.30010201 0.60001495] 
[2021-09-26 07:48:10,388: INFO: model] >>>>>>>>>>>>>>>>>>>>>>>>>>>>>
[2021-09-26 07:48:10,389: INFO: model] ____________________
[2021-09-26 07:48:10,389: INFO: model] for epoch:9
[2021-09-26 07:48:10,389: INFO: model] ____________________
[2021-09-26 07:48:10,390: INFO: model] predicted value after forward pass: 
[0 0 0 1]
[2021-09-26 07:48:10,391: INFO: model] error: 
0    0
1    0
2    0
3    0
Name: y, dtype: int64
[2021-09-26 07:48:10,392: INFO: model] corrected weights after epoch:9/10 :[0.30004071 0.30010201 0.60001495] 
[2021-09-26 07:48:10,392: INFO: model] >>>>>>>>>>>>>>>>>>>>>>>>>>>>>
[2021-09-26 07:48:10,393: INFO: model] Total loss : 0
[2021-09-26 07:48:10,394: INFO: model] MODEL CREATION SUCCESSFUL
[2021-09-26 07:48:10,394: INFO: model] total loss = 0

[2021-09-26 07:48:10,394: INFO: model] MODEL CREATION SUCCESSFUL

[2021-09-26 07:48:10,395: INFO: all_utils] models\and.model
[2021-09-26 07:48:10,409: INFO: all_utils] >>>>>>>>>>>>>>>>>>>>>>>>>>>>>
[2021-09-26 07:57:04,972: INFO: all_utils] 

>>>>>>>>>>Starting training>>>>>>>>>>>>>>>>and.model
[2021-09-26 07:57:04,973: INFO: all_utils] eta = 0.3 epochs =10

[2021-09-26 07:57:04,991: INFO: all_utils] X=   x1  x2
0   0   0
1   0   1
2   1   0
3   1   1
[2021-09-26 07:57:04,992: INFO: all_utils] Y=0    0
1    0
2    0
3    1
Name: y, dtype: int64
[2021-09-26 07:57:04,994: INFO: model] initial weights before training: [-1.53354083e-04 -3.81214306e-05 -4.60545336e-05]
[2021-09-26 07:57:04,995: INFO: model] X with bias: 
[[ 0.  0. -1.]
 [ 0.  1. -1.]
 [ 1.  0. -1.]
 [ 1.  1. -1.]]
[2021-09-26 07:57:04,995: ERROR: and] 'module' object is not callable
Traceback (most recent call last):
  File "d:/iNeuron/DLCVNLP/oneNeuron/and.py", line 28, in <module>
    main(data=AND, eta=ETA, epoch=EPOCHS, file_name="and.model", plot_name="and.png")
  File "d:/iNeuron/DLCVNLP/oneNeuron/and.py", line 12, in main
    createModel(data, eta, epoch, file_name, plot_name)
  File "d:\iNeuron\DLCVNLP\oneNeuron\utils\all_utils.py", line 35, in createModel
    model.fit(X, y)
  File "d:\iNeuron\DLCVNLP\oneNeuron\utils\model.py", line 30, in fit
    for epoch in tqdm(range(self.epochs), total = self.epochs, description = "training the model"):
TypeError: 'module' object is not callable
[2021-09-26 07:59:29,108: INFO: all_utils] 

>>>>>>>>>>Starting training>>>>>>>>>>>>>>>>and.model
[2021-09-26 07:59:29,109: INFO: all_utils] eta = 0.3 epochs =10

[2021-09-26 07:59:29,128: INFO: all_utils] X=   x1  x2
0   0   0
1   0   1
2   1   0
3   1   1
[2021-09-26 07:59:29,130: INFO: all_utils] Y=0    0
1    0
2    0
3    1
Name: y, dtype: int64
[2021-09-26 07:59:29,131: INFO: model] initial weights before training: [ 2.44636393e-05 -1.66402432e-04 -2.04743060e-06]
[2021-09-26 07:59:29,132: INFO: model] X with bias: 
[[ 0.  0. -1.]
 [ 0.  1. -1.]
 [ 1.  0. -1.]
 [ 1.  1. -1.]]
[2021-09-26 07:59:29,132: ERROR: and] 'module' object is not callable
Traceback (most recent call last):
  File "d:/iNeuron/DLCVNLP/oneNeuron/and.py", line 28, in <module>
    main(data=AND, eta=ETA, epoch=EPOCHS, file_name="and.model", plot_name="and.png")
  File "d:/iNeuron/DLCVNLP/oneNeuron/and.py", line 12, in main
    createModel(data, eta, epoch, file_name, plot_name)
  File "d:\iNeuron\DLCVNLP\oneNeuron\utils\all_utils.py", line 35, in createModel
    model.fit(X, y)
  File "d:\iNeuron\DLCVNLP\oneNeuron\utils\model.py", line 30, in fit
    for epoch in tqdm(range(self.epochs), total = self.epochs, desc = "training the model"):
TypeError: 'module' object is not callable
[2021-09-26 08:05:32,468: INFO: all_utils] 

>>>>>>>>>>Starting training>>>>>>>>>>>>>>>>and.model
[2021-09-26 08:05:32,469: INFO: all_utils] eta = 0.3 epochs =10

[2021-09-26 08:05:32,492: INFO: all_utils] X=   x1  x2
0   0   0
1   0   1
2   1   0
3   1   1
[2021-09-26 08:05:32,493: INFO: all_utils] Y=0    0
1    0
2    0
3    1
Name: y, dtype: int64
[2021-09-26 08:05:32,495: INFO: model] initial weights before training: [-6.17198668e-05 -9.73779550e-06 -5.47386436e-05]
[2021-09-26 08:05:32,496: INFO: model] X with bias: 
[[ 0.  0. -1.]
 [ 0.  1. -1.]
 [ 1.  0. -1.]
 [ 1.  1. -1.]]
[2021-09-26 08:05:32,501: INFO: model] ____________________
[2021-09-26 08:05:32,501: INFO: model] for epoch:0
[2021-09-26 08:05:32,501: INFO: model] ____________________
[2021-09-26 08:05:32,501: INFO: model] predicted value after forward pass: 
[1 1 0 0]
[2021-09-26 08:05:32,508: INFO: model] error: 
0   -1
1   -1
2    0
3    1
Name: y, dtype: int64
[2021-09-26 08:05:32,510: INFO: model] corrected weights after epoch:0/10 :[ 2.99938280e-01 -9.73779550e-06  2.99945261e-01] 
[2021-09-26 08:05:32,510: INFO: model] >>>>>>>>>>>>>>>>>>>>>>>>>>>>>
[2021-09-26 08:05:32,510: INFO: model] ____________________
[2021-09-26 08:05:32,511: INFO: model] for epoch:1
[2021-09-26 08:05:32,511: INFO: model] ____________________
[2021-09-26 08:05:32,511: INFO: model] predicted value after forward pass: 
[0 0 0 0]
[2021-09-26 08:05:32,511: INFO: model] error: 
0    0
1    0
2    0
3    1
Name: y, dtype: int64
[2021-09-26 08:05:32,511: INFO: model] corrected weights after epoch:1/10 :[ 5.99938280e-01  2.99990262e-01 -5.47386436e-05] 
[2021-09-26 08:05:32,511: INFO: model] >>>>>>>>>>>>>>>>>>>>>>>>>>>>>
[2021-09-26 08:05:32,511: INFO: model] ____________________
[2021-09-26 08:05:32,511: INFO: model] for epoch:2
[2021-09-26 08:05:32,511: INFO: model] ____________________
[2021-09-26 08:05:32,511: INFO: model] predicted value after forward pass: 
[1 1 1 1]
[2021-09-26 08:05:32,519: INFO: model] error: 
0   -1
1   -1
2   -1
3    0
Name: y, dtype: int64
[2021-09-26 08:05:32,521: INFO: model] corrected weights after epoch:2/10 :[ 2.99938280e-01 -9.73779550e-06  8.99945261e-01] 
[2021-09-26 08:05:32,522: INFO: model] >>>>>>>>>>>>>>>>>>>>>>>>>>>>>
[2021-09-26 08:05:32,524: INFO: model] ____________________
[2021-09-26 08:05:32,524: INFO: model] for epoch:3
[2021-09-26 08:05:32,525: INFO: model] ____________________
[2021-09-26 08:05:32,526: INFO: model] predicted value after forward pass: 
[0 0 0 0]
[2021-09-26 08:05:32,530: INFO: model] error: 
0    0
1    0
2    0
3    1
Name: y, dtype: int64
[2021-09-26 08:05:32,531: INFO: model] corrected weights after epoch:3/10 :[0.59993828 0.29999026 0.59994526] 
[2021-09-26 08:05:32,532: INFO: model] >>>>>>>>>>>>>>>>>>>>>>>>>>>>>
[2021-09-26 08:05:32,532: INFO: model] ____________________
[2021-09-26 08:05:32,533: INFO: model] for epoch:4
[2021-09-26 08:05:32,533: INFO: model] ____________________
[2021-09-26 08:05:32,534: INFO: model] predicted value after forward pass: 
[0 0 0 1]
[2021-09-26 08:05:32,540: INFO: model] error: 
0    0
1    0
2    0
3    0
Name: y, dtype: int64
[2021-09-26 08:05:32,542: INFO: model] corrected weights after epoch:4/10 :[0.59993828 0.29999026 0.59994526] 
[2021-09-26 08:05:32,543: INFO: model] >>>>>>>>>>>>>>>>>>>>>>>>>>>>>
[2021-09-26 08:05:32,543: INFO: model] ____________________
[2021-09-26 08:05:32,543: INFO: model] for epoch:5
[2021-09-26 08:05:32,544: INFO: model] ____________________
[2021-09-26 08:05:32,545: INFO: model] predicted value after forward pass: 
[0 0 0 1]
[2021-09-26 08:05:32,547: INFO: model] error: 
0    0
1    0
2    0
3    0
Name: y, dtype: int64
[2021-09-26 08:05:32,548: INFO: model] corrected weights after epoch:5/10 :[0.59993828 0.29999026 0.59994526] 
[2021-09-26 08:05:32,549: INFO: model] >>>>>>>>>>>>>>>>>>>>>>>>>>>>>
[2021-09-26 08:05:32,549: INFO: model] ____________________
[2021-09-26 08:05:32,549: INFO: model] for epoch:6
[2021-09-26 08:05:32,549: INFO: model] ____________________
[2021-09-26 08:05:32,550: INFO: model] predicted value after forward pass: 
[0 0 0 1]
[2021-09-26 08:05:32,552: INFO: model] error: 
0    0
1    0
2    0
3    0
Name: y, dtype: int64
[2021-09-26 08:05:32,554: INFO: model] corrected weights after epoch:6/10 :[0.59993828 0.29999026 0.59994526] 
[2021-09-26 08:05:32,554: INFO: model] >>>>>>>>>>>>>>>>>>>>>>>>>>>>>
[2021-09-26 08:05:32,554: INFO: model] ____________________
[2021-09-26 08:05:32,555: INFO: model] for epoch:7
[2021-09-26 08:05:32,555: INFO: model] ____________________
[2021-09-26 08:05:32,555: INFO: model] predicted value after forward pass: 
[0 0 0 1]
[2021-09-26 08:05:32,557: INFO: model] error: 
0    0
1    0
2    0
3    0
Name: y, dtype: int64
[2021-09-26 08:05:32,558: INFO: model] corrected weights after epoch:7/10 :[0.59993828 0.29999026 0.59994526] 
[2021-09-26 08:05:32,559: INFO: model] >>>>>>>>>>>>>>>>>>>>>>>>>>>>>
[2021-09-26 08:05:32,559: INFO: model] ____________________
[2021-09-26 08:05:32,559: INFO: model] for epoch:8
[2021-09-26 08:05:32,559: INFO: model] ____________________
[2021-09-26 08:05:32,560: INFO: model] predicted value after forward pass: 
[0 0 0 1]
[2021-09-26 08:05:32,562: INFO: model] error: 
0    0
1    0
2    0
3    0
Name: y, dtype: int64
[2021-09-26 08:05:32,563: INFO: model] corrected weights after epoch:8/10 :[0.59993828 0.29999026 0.59994526] 
[2021-09-26 08:05:32,563: INFO: model] >>>>>>>>>>>>>>>>>>>>>>>>>>>>>
[2021-09-26 08:05:32,563: INFO: model] ____________________
[2021-09-26 08:05:32,563: INFO: model] for epoch:9
[2021-09-26 08:05:32,564: INFO: model] ____________________
[2021-09-26 08:05:32,564: INFO: model] predicted value after forward pass: 
[0 0 0 1]
[2021-09-26 08:05:32,566: INFO: model] error: 
0    0
1    0
2    0
3    0
Name: y, dtype: int64
[2021-09-26 08:05:32,567: INFO: model] corrected weights after epoch:9/10 :[0.59993828 0.29999026 0.59994526] 
[2021-09-26 08:05:32,567: INFO: model] >>>>>>>>>>>>>>>>>>>>>>>>>>>>>
[2021-09-26 08:05:32,573: INFO: model] Total loss : 0
[2021-09-26 08:05:32,573: INFO: model] MODEL CREATION SUCCESSFUL
[2021-09-26 08:05:32,574: INFO: model] total loss = 0

[2021-09-26 08:05:32,574: INFO: model] MODEL CREATION SUCCESSFUL

[2021-09-26 08:05:32,575: INFO: all_utils] models\and.model
[2021-09-26 08:05:32,589: INFO: all_utils] >>>>>>>>>>>>>>>>>>>>>>>>>>>>>
[2021-09-27 07:06:02,081: INFO: all_utils] 

>>>>>>>>>>Starting training>>>>>>>>>>>>>>>>or.model
[2021-09-27 07:06:02,082: INFO: all_utils] eta = 0.3 epochs =10

[2021-09-27 07:06:02,110: INFO: all_utils] X=   x1  x2
0   0   0
1   0   1
2   1   0
3   1   1
[2021-09-27 07:06:02,112: INFO: all_utils] Y=0    0
1    1
2    1
3    1
Name: y, dtype: int64
[2021-09-27 07:06:02,115: INFO: perceptron] initial weights before training: [-1.94345472e-04  2.34615319e-05  1.00166037e-04]
[2021-09-27 07:06:02,116: INFO: perceptron] X with bias: 
[[ 0.  0. -1.]
 [ 0.  1. -1.]
 [ 1.  0. -1.]
 [ 1.  1. -1.]]
[2021-09-27 07:06:02,121: INFO: perceptron] ____________________
[2021-09-27 07:06:02,121: INFO: perceptron] for epoch:0
[2021-09-27 07:06:02,121: INFO: perceptron] ____________________
[2021-09-27 07:06:02,123: INFO: perceptron] predicted value after forward pass: 
[0 0 0 0]
[2021-09-27 07:06:02,125: INFO: perceptron] error: 
0    0
1    1
2    1
3    1
Name: y, dtype: int64
[2021-09-27 07:06:02,127: INFO: perceptron] corrected weights after epoch:0/10 :[ 0.59980565  0.60002346 -0.89989983] 
[2021-09-27 07:06:02,127: INFO: perceptron] >>>>>>>>>>>>>>>>>>>>>>>>>>>>>
[2021-09-27 07:06:02,127: INFO: perceptron] ____________________
[2021-09-27 07:06:02,128: INFO: perceptron] for epoch:1
[2021-09-27 07:06:02,128: INFO: perceptron] ____________________
[2021-09-27 07:06:02,128: INFO: perceptron] predicted value after forward pass: 
[1 1 1 1]
[2021-09-27 07:06:02,130: INFO: perceptron] error: 
0   -1
1    0
2    0
3    0
Name: y, dtype: int64
[2021-09-27 07:06:02,131: INFO: perceptron] corrected weights after epoch:1/10 :[ 0.59980565  0.60002346 -0.59989983] 
[2021-09-27 07:06:02,131: INFO: perceptron] >>>>>>>>>>>>>>>>>>>>>>>>>>>>>
[2021-09-27 07:06:02,132: INFO: perceptron] ____________________
[2021-09-27 07:06:02,132: INFO: perceptron] for epoch:2
[2021-09-27 07:06:02,132: INFO: perceptron] ____________________
[2021-09-27 07:06:02,132: INFO: perceptron] predicted value after forward pass: 
[1 1 1 1]
[2021-09-27 07:06:02,133: INFO: perceptron] error: 
0   -1
1    0
2    0
3    0
Name: y, dtype: int64
[2021-09-27 07:06:02,134: INFO: perceptron] corrected weights after epoch:2/10 :[ 0.59980565  0.60002346 -0.29989983] 
[2021-09-27 07:06:02,135: INFO: perceptron] >>>>>>>>>>>>>>>>>>>>>>>>>>>>>
[2021-09-27 07:06:02,135: INFO: perceptron] ____________________
[2021-09-27 07:06:02,135: INFO: perceptron] for epoch:3
[2021-09-27 07:06:02,135: INFO: perceptron] ____________________
[2021-09-27 07:06:02,135: INFO: perceptron] predicted value after forward pass: 
[1 1 1 1]
[2021-09-27 07:06:02,138: INFO: perceptron] error: 
0   -1
1    0
2    0
3    0
Name: y, dtype: int64
[2021-09-27 07:06:02,142: INFO: perceptron] corrected weights after epoch:3/10 :[5.99805655e-01 6.00023462e-01 1.00166037e-04] 
[2021-09-27 07:06:02,143: INFO: perceptron] >>>>>>>>>>>>>>>>>>>>>>>>>>>>>
[2021-09-27 07:06:02,143: INFO: perceptron] ____________________
[2021-09-27 07:06:02,143: INFO: perceptron] for epoch:4
[2021-09-27 07:06:02,143: INFO: perceptron] ____________________
[2021-09-27 07:06:02,144: INFO: perceptron] predicted value after forward pass: 
[0 1 1 1]
[2021-09-27 07:06:02,145: INFO: perceptron] error: 
0    0
1    0
2    0
3    0
Name: y, dtype: int64
[2021-09-27 07:06:02,145: INFO: perceptron] corrected weights after epoch:4/10 :[5.99805655e-01 6.00023462e-01 1.00166037e-04] 
[2021-09-27 07:06:02,146: INFO: perceptron] >>>>>>>>>>>>>>>>>>>>>>>>>>>>>
[2021-09-27 07:06:02,146: INFO: perceptron] ____________________
[2021-09-27 07:06:02,146: INFO: perceptron] for epoch:5
[2021-09-27 07:06:02,146: INFO: perceptron] ____________________
[2021-09-27 07:06:02,146: INFO: perceptron] predicted value after forward pass: 
[0 1 1 1]
[2021-09-27 07:06:02,148: INFO: perceptron] error: 
0    0
1    0
2    0
3    0
Name: y, dtype: int64
[2021-09-27 07:06:02,148: INFO: perceptron] corrected weights after epoch:5/10 :[5.99805655e-01 6.00023462e-01 1.00166037e-04] 
[2021-09-27 07:06:02,148: INFO: perceptron] >>>>>>>>>>>>>>>>>>>>>>>>>>>>>
[2021-09-27 07:06:02,149: INFO: perceptron] ____________________
[2021-09-27 07:06:02,149: INFO: perceptron] for epoch:6
[2021-09-27 07:06:02,149: INFO: perceptron] ____________________
[2021-09-27 07:06:02,149: INFO: perceptron] predicted value after forward pass: 
[0 1 1 1]
[2021-09-27 07:06:02,151: INFO: perceptron] error: 
0    0
1    0
2    0
3    0
Name: y, dtype: int64
[2021-09-27 07:06:02,151: INFO: perceptron] corrected weights after epoch:6/10 :[5.99805655e-01 6.00023462e-01 1.00166037e-04] 
[2021-09-27 07:06:02,151: INFO: perceptron] >>>>>>>>>>>>>>>>>>>>>>>>>>>>>
[2021-09-27 07:06:02,152: INFO: perceptron] ____________________
[2021-09-27 07:06:02,152: INFO: perceptron] for epoch:7
[2021-09-27 07:06:02,152: INFO: perceptron] ____________________
[2021-09-27 07:06:02,152: INFO: perceptron] predicted value after forward pass: 
[0 1 1 1]
[2021-09-27 07:06:02,153: INFO: perceptron] error: 
0    0
1    0
2    0
3    0
Name: y, dtype: int64
[2021-09-27 07:06:02,154: INFO: perceptron] corrected weights after epoch:7/10 :[5.99805655e-01 6.00023462e-01 1.00166037e-04] 
[2021-09-27 07:06:02,155: INFO: perceptron] >>>>>>>>>>>>>>>>>>>>>>>>>>>>>
[2021-09-27 07:06:02,155: INFO: perceptron] ____________________
[2021-09-27 07:06:02,155: INFO: perceptron] for epoch:8
[2021-09-27 07:06:02,156: INFO: perceptron] ____________________
[2021-09-27 07:06:02,157: INFO: perceptron] predicted value after forward pass: 
[0 1 1 1]
[2021-09-27 07:06:02,159: INFO: perceptron] error: 
0    0
1    0
2    0
3    0
Name: y, dtype: int64
[2021-09-27 07:06:02,160: INFO: perceptron] corrected weights after epoch:8/10 :[5.99805655e-01 6.00023462e-01 1.00166037e-04] 
[2021-09-27 07:06:02,160: INFO: perceptron] >>>>>>>>>>>>>>>>>>>>>>>>>>>>>
[2021-09-27 07:06:02,160: INFO: perceptron] ____________________
[2021-09-27 07:06:02,160: INFO: perceptron] for epoch:9
[2021-09-27 07:06:02,160: INFO: perceptron] ____________________
[2021-09-27 07:06:02,161: INFO: perceptron] predicted value after forward pass: 
[0 1 1 1]
[2021-09-27 07:06:02,162: INFO: perceptron] error: 
0    0
1    0
2    0
3    0
Name: y, dtype: int64
[2021-09-27 07:06:02,163: INFO: perceptron] corrected weights after epoch:9/10 :[5.99805655e-01 6.00023462e-01 1.00166037e-04] 
[2021-09-27 07:06:02,163: INFO: perceptron] >>>>>>>>>>>>>>>>>>>>>>>>>>>>>
[2021-09-27 07:06:02,166: INFO: perceptron] Total loss : 0
[2021-09-27 07:06:02,167: INFO: perceptron] MODEL CREATION SUCCESSFUL
[2021-09-27 07:06:02,167: INFO: perceptron] total loss = 0

[2021-09-27 07:06:02,167: INFO: perceptron] MODEL CREATION SUCCESSFUL

[2021-09-27 07:06:02,168: INFO: all_utils] models\or.model
[2021-09-27 07:06:02,180: INFO: all_utils] >>>>>>>>>>>>>>>>>>>>>>>>>>>>>
